[debug] [2020-05-24T14:51:19.883Z] ----------------------------------------------------------------------
[debug] [2020-05-24T14:51:19.886Z] Command:       C:\Program Files\nodejs\node.exe C:\Users\gkswo\AppData\Roaming\npm\node_modules\firebase-tools\lib\bin\firebase.js serve --only functions
[debug] [2020-05-24T14:51:19.886Z] CLI Version:   8.2.0
[debug] [2020-05-24T14:51:19.886Z] Platform:      win32
[debug] [2020-05-24T14:51:19.886Z] Node Version:  v12.16.2
[debug] [2020-05-24T14:51:19.887Z] Time:          Sun May 24 2020 23:51:19 GMT+0900 (GMT+09:00)
[debug] [2020-05-24T14:51:19.888Z] ----------------------------------------------------------------------
[debug] [2020-05-24T14:51:19.888Z] 
[debug] [2020-05-24T14:51:19.897Z] > command requires scopes: ["email","openid","https://www.googleapis.com/auth/cloudplatformprojects.readonly","https://www.googleapis.com/auth/firebase","https://www.googleapis.com/auth/cloud-platform"]
[debug] [2020-05-24T14:51:19.898Z] > authorizing via signed-in user
[debug] [2020-05-24T14:51:19.898Z] [iam] checking project maskproject-6e385 for permissions ["firebase.projects.get"]
[debug] [2020-05-24T14:51:19.901Z] >>> HTTP REQUEST POST https://cloudresourcemanager.googleapis.com/v1/projects/maskproject-6e385:testIamPermissions  
 {"permissions":["firebase.projects.get"]}
[debug] [2020-05-24T14:51:21.158Z] <<< HTTP RESPONSE 200 {"content-type":"application/json; charset=UTF-8","vary":"X-Origin, Referer, Origin,Accept-Encoding","date":"Sun, 24 May 2020 14:51:20 GMT","server":"ESF","cache-control":"private","x-xss-protection":"0","x-frame-options":"SAMEORIGIN","x-content-type-options":"nosniff","server-timing":"gfet4t7; dur=954","alt-svc":"h3-27=\":443\"; ma=2592000,h3-25=\":443\"; ma=2592000,h3-T050=\":443\"; ma=2592000,h3-Q050=\":443\"; ma=2592000,h3-Q049=\":443\"; ma=2592000,h3-Q048=\":443\"; ma=2592000,h3-Q046=\":443\"; ma=2592000,h3-Q043=\":443\"; ma=2592000,quic=\":443\"; ma=2592000; v=\"46,43\"","accept-ranges":"none","transfer-encoding":"chunked"}
[debug] [2020-05-24T14:51:21.159Z] >>> HTTP REQUEST GET https://firebase.googleapis.com/v1beta1/projects/maskproject-6e385  
 
[debug] [2020-05-24T14:51:22.023Z] <<< HTTP RESPONSE 200 {"content-type":"application/json; charset=UTF-8","vary":"X-Origin, Referer, Origin,Accept-Encoding","date":"Sun, 24 May 2020 14:51:21 GMT","server":"ESF","cache-control":"private","x-xss-protection":"0","x-frame-options":"SAMEORIGIN","x-content-type-options":"nosniff","alt-svc":"h3-27=\":443\"; ma=2592000,h3-25=\":443\"; ma=2592000,h3-T050=\":443\"; ma=2592000,h3-Q050=\":443\"; ma=2592000,h3-Q049=\":443\"; ma=2592000,h3-Q048=\":443\"; ma=2592000,h3-Q046=\":443\"; ma=2592000,h3-Q043=\":443\"; ma=2592000,quic=\":443\"; ma=2592000; v=\"46,43\"","accept-ranges":"none","transfer-encoding":"chunked"}
[warn] !  Your requested "node" version "10" doesn't match your global version "12"
[info] +  functions: functions emulator started at http://localhost:5000
[info] i  functions: Watching "C:\Users\gkswo\Desktop\maskcollect\maskgit\functions_firebase\functions" for Cloud Functions...
[debug] [2020-05-24T14:51:24.052Z] [worker-pool] addWorker(~diagnostic~) 
[debug] [2020-05-24T14:51:24.052Z] [worker-pool] Adding worker with key ~diagnostic~, total=1 
[debug] [2020-05-24T14:51:24.052Z] [worker-pool] submitWork(triggerId=) 
[debug] [2020-05-24T14:51:24.053Z] [worker-~diagnostic~-2812cbf2-045d-4dc3-a2a5-693a2c97e04f]: Assigning socketPath: \\?\pipe\C:\Users\gkswo\Desktop\maskcollect\maskgit\functions_firebase\functions\8788 
[debug] [2020-05-24T14:51:24.053Z] [worker-~diagnostic~-2812cbf2-045d-4dc3-a2a5-693a2c97e04f]: BUSY 
[debug] [2020-05-24T14:51:24.480Z] [runtime-status] [8788] Functions runtime initialized. {"cwd":"C:\\Users\\gkswo\\Desktop\\maskcollect\\maskgit\\functions_firebase\\functions","node_version":"12.16.2"} 
[debug] [2020-05-24T14:51:24.481Z] [runtime-status] [8788] Disabled runtime features: undefined 
[debug] [2020-05-24T14:51:24.487Z] [runtime-status] [8788] Resolved module firebase-admin {"declared":true,"installed":true,"version":"8.12.1","resolution":"C:\\Users\\gkswo\\Desktop\\maskcollect\\maskgit\\functions_firebase\\functions\\node_modules\\firebase-admin\\lib\\index.js"} 
[debug] [2020-05-24T14:51:24.489Z] [runtime-status] [8788] Resolved module firebase-functions {"declared":true,"installed":true,"version":"3.6.1","resolution":"C:\\Users\\gkswo\\Desktop\\maskcollect\\maskgit\\functions_firebase\\functions\\node_modules\\firebase-functions\\lib\\index.js"} 
[debug] [2020-05-24T14:51:24.491Z] [runtime-status] [8788] Outgoing network have been stubbed. [{"name":"http","status":"mocked"},{"name":"http","status":"mocked"},{"name":"https","status":"mocked"},{"name":"https","status":"mocked"},{"name":"net","status":"mocked"}] 
[debug] [2020-05-24T14:51:24.536Z] [runtime-status] [8788] Checked functions.config() {"config":{}} 
[debug] [2020-05-24T14:51:24.537Z] [runtime-status] [8788] Resolved module firebase-functions {"declared":true,"installed":true,"version":"3.6.1","resolution":"C:\\Users\\gkswo\\Desktop\\maskcollect\\maskgit\\functions_firebase\\functions\\node_modules\\firebase-functions\\lib\\index.js"} 
[debug] [2020-05-24T14:51:24.538Z] [runtime-status] [8788] Resolved module firebase-admin {"declared":true,"installed":true,"version":"8.12.1","resolution":"C:\\Users\\gkswo\\Desktop\\maskcollect\\maskgit\\functions_firebase\\functions\\node_modules\\firebase-admin\\lib\\index.js"} 
[debug] [2020-05-24T14:51:24.539Z] [runtime-status] [8788] Resolved module firebase-functions {"declared":true,"installed":true,"version":"3.6.1","resolution":"C:\\Users\\gkswo\\Desktop\\maskcollect\\maskgit\\functions_firebase\\functions\\node_modules\\firebase-functions\\lib\\index.js"} 
[debug] [2020-05-24T14:51:24.539Z] [runtime-status] [8788] firebase-admin has been stubbed. {"adminResolution":{"declared":true,"installed":true,"version":"8.12.1","resolution":"C:\\Users\\gkswo\\Desktop\\maskcollect\\maskgit\\functions_firebase\\functions\\node_modules\\firebase-admin\\lib\\index.js"}} 
[info] +  functions[maskSaver]: http function initialized (http://localhost:5000/maskproject-6e385/us-central1/maskSaver).
[debug] [2020-05-24T14:51:25.803Z] [worker-~diagnostic~-2812cbf2-045d-4dc3-a2a5-693a2c97e04f]: IDLE 
[info] >  Success call admin {"user":"Success call admin"}
[debug] [2020-05-24T14:51:29.548Z] [work-queue] {"queueLength":1,"workRunningCount":0}
[debug] [2020-05-24T14:51:29.548Z] [work-queue] {"queueLength":0,"workRunningCount":1}
[debug] [2020-05-24T14:51:29.549Z] Accepted request GET /maskproject-6e385/us-central1/maskSaver/dealMasks/CCRQFArEc9U5qXE0NCDcaR9qiPk1/dina08pcfxNzICaBGoDYOaYQ0aD2/22 --> maskSaver
[debug] [2020-05-24T14:51:29.554Z] [worker-pool] addWorker(maskSaver) 
[debug] [2020-05-24T14:51:29.554Z] [worker-pool] Adding worker with key maskSaver, total=1 
[debug] [2020-05-24T14:51:29.554Z] [worker-pool] submitWork(triggerId=maskSaver) 
[debug] [2020-05-24T14:51:29.554Z] [worker-maskSaver-b54f9808-402a-46ac-a54b-e20c7dcb0db2]: Assigning socketPath: \\?\pipe\C:\Users\gkswo\Desktop\maskcollect\maskgit\functions_firebase\functions\9236 
[debug] [2020-05-24T14:51:29.554Z] [worker-maskSaver-b54f9808-402a-46ac-a54b-e20c7dcb0db2]: BUSY 
[debug] [2020-05-24T14:51:29.978Z] [runtime-status] [9236] Functions runtime initialized. {"cwd":"C:\\Users\\gkswo\\Desktop\\maskcollect\\maskgit\\functions_firebase\\functions","node_version":"12.16.2"} 
[debug] [2020-05-24T14:51:29.980Z] [runtime-status] [9236] Disabled runtime features: undefined 
[debug] [2020-05-24T14:51:29.986Z] [runtime-status] [9236] Resolved module firebase-admin {"declared":true,"installed":true,"version":"8.12.1","resolution":"C:\\Users\\gkswo\\Desktop\\maskcollect\\maskgit\\functions_firebase\\functions\\node_modules\\firebase-admin\\lib\\index.js"} 
[debug] [2020-05-24T14:51:29.988Z] [runtime-status] [9236] Resolved module firebase-functions {"declared":true,"installed":true,"version":"3.6.1","resolution":"C:\\Users\\gkswo\\Desktop\\maskcollect\\maskgit\\functions_firebase\\functions\\node_modules\\firebase-functions\\lib\\index.js"} 
[debug] [2020-05-24T14:51:29.990Z] [runtime-status] [9236] Outgoing network have been stubbed. [{"name":"http","status":"mocked"},{"name":"http","status":"mocked"},{"name":"https","status":"mocked"},{"name":"https","status":"mocked"},{"name":"net","status":"mocked"}] 
[debug] [2020-05-24T14:51:30.036Z] [runtime-status] [9236] Checked functions.config() {"config":{}} 
[debug] [2020-05-24T14:51:30.037Z] [runtime-status] [9236] Resolved module firebase-functions {"declared":true,"installed":true,"version":"3.6.1","resolution":"C:\\Users\\gkswo\\Desktop\\maskcollect\\maskgit\\functions_firebase\\functions\\node_modules\\firebase-functions\\lib\\index.js"} 
[debug] [2020-05-24T14:51:30.038Z] [runtime-status] [9236] Resolved module firebase-admin {"declared":true,"installed":true,"version":"8.12.1","resolution":"C:\\Users\\gkswo\\Desktop\\maskcollect\\maskgit\\functions_firebase\\functions\\node_modules\\firebase-admin\\lib\\index.js"} 
[debug] [2020-05-24T14:51:30.039Z] [runtime-status] [9236] Resolved module firebase-functions {"declared":true,"installed":true,"version":"3.6.1","resolution":"C:\\Users\\gkswo\\Desktop\\maskcollect\\maskgit\\functions_firebase\\functions\\node_modules\\firebase-functions\\lib\\index.js"} 
[debug] [2020-05-24T14:51:30.039Z] [runtime-status] [9236] firebase-admin has been stubbed. {"adminResolution":{"declared":true,"installed":true,"version":"8.12.1","resolution":"C:\\Users\\gkswo\\Desktop\\maskcollect\\maskgit\\functions_firebase\\functions\\node_modules\\firebase-admin\\lib\\index.js"}} 
[debug] [2020-05-24T14:51:31.222Z] [runtime-status] [9236] Trigger "maskSaver" has been found, beginning invocation! 
[info] i  functions: Beginning execution of "maskSaver"
[debug] [2020-05-24T14:51:31.222Z] [runtime-status] [9236] triggerDefinition {"httpsTrigger":{},"name":"maskSaver","entryPoint":"maskSaver"} 
[debug] [2020-05-24T14:51:31.223Z] [runtime-status] [9236] Running maskSaver in mode HTTPS 
[debug] [2020-05-24T14:51:31.226Z] [runtime-status] [9236] Attempting to listen to socketPath: \\?\pipe\C:\Users\gkswo\Desktop\maskcollect\maskgit\functions_firebase\functions\9236 
[debug] [2020-05-24T14:51:31.240Z] [functions] Runtime ready! Sending request! 
[debug] [2020-05-24T14:51:31.259Z] [runtime-status] [9236] Ephemeral server handling GET request 
[debug] [2020-05-24T14:51:31.262Z] [runtime-status] [9236] Ephemeral server survived. 
[info] >  Success call admin {"user":"Success call admin"}
[info] i  functions: Finished "maskSaver" in ~1s
[debug] [2020-05-24T14:51:32.265Z] [worker-maskSaver-b54f9808-402a-46ac-a54b-e20c7dcb0db2]: IDLE 
[debug] [2020-05-24T14:51:32.265Z] [work-queue] {"queueLength":0,"workRunningCount":0}
[debug] [2020-05-24T14:52:38.290Z] [work-queue] {"queueLength":1,"workRunningCount":0}
[debug] [2020-05-24T14:52:38.290Z] [work-queue] {"queueLength":0,"workRunningCount":1}
[debug] [2020-05-24T14:52:38.290Z] Accepted request GET /maskproject-6e385/us-central1/maskSaver/dealMasks/CCRQFArEc9U5qXE0NCDcaR9qiPk1/dina08pcfxNzICaBGoDYOaYQ0aD2/19 --> maskSaver
[debug] [2020-05-24T14:52:38.290Z] [worker-pool] submitWork(triggerId=maskSaver) 
[debug] [2020-05-24T14:52:38.290Z] [worker-maskSaver-b54f9808-402a-46ac-a54b-e20c7dcb0db2]: Assigning socketPath: \\?\pipe\C:\Users\gkswo\Desktop\maskcollect\maskgit\functions_firebase\functions\9236 
[debug] [2020-05-24T14:52:38.290Z] [worker-maskSaver-b54f9808-402a-46ac-a54b-e20c7dcb0db2]: BUSY 
[debug] [2020-05-24T14:52:38.291Z] [runtime-status] [9236] Trigger "maskSaver" has been found, beginning invocation! 
[info] i  functions: Beginning execution of "maskSaver"
[debug] [2020-05-24T14:52:38.291Z] [runtime-status] [9236] triggerDefinition {"httpsTrigger":{},"name":"maskSaver","entryPoint":"maskSaver"} 
[debug] [2020-05-24T14:52:38.292Z] [runtime-status] [9236] Running maskSaver in mode HTTPS 
[debug] [2020-05-24T14:52:38.292Z] [runtime-status] [9236] Attempting to listen to socketPath: \\?\pipe\C:\Users\gkswo\Desktop\maskcollect\maskgit\functions_firebase\functions\9236 
[debug] [2020-05-24T14:52:38.293Z] [functions] Runtime ready! Sending request! 
[debug] [2020-05-24T14:52:38.295Z] [runtime-status] [9236] Ephemeral server handling GET request 
[debug] [2020-05-24T14:52:38.296Z] [runtime-status] [9236] Ephemeral server survived. 
[info] i  functions: Finished "maskSaver" in ~1s
[debug] [2020-05-24T14:52:39.272Z] [worker-maskSaver-b54f9808-402a-46ac-a54b-e20c7dcb0db2]: IDLE 
[debug] [2020-05-24T14:52:39.272Z] [work-queue] {"queueLength":0,"workRunningCount":0}
[debug] [2020-05-24T14:53:02.621Z] File C:\Users\gkswo\Desktop\maskcollect\maskgit\functions_firebase\functions\contract.js changed, reloading triggers 
[debug] [2020-05-24T14:53:03.622Z] [worker-pool] Shutting down IDLE worker (~diagnostic~) 
[debug] [2020-05-24T14:53:03.622Z] [worker-~diagnostic~-2812cbf2-045d-4dc3-a2a5-693a2c97e04f]: FINISHING 
[debug] [2020-05-24T14:53:03.622Z] [worker-pool] Shutting down IDLE worker (maskSaver) 
[debug] [2020-05-24T14:53:03.622Z] [worker-maskSaver-b54f9808-402a-46ac-a54b-e20c7dcb0db2]: FINISHING 
[debug] [2020-05-24T14:53:03.628Z] [worker-pool] addWorker(~diagnostic~) 
[debug] [2020-05-24T14:53:03.628Z] [worker-pool] Adding worker with key ~diagnostic~, total=2 
[debug] [2020-05-24T14:53:03.628Z] [worker-pool] submitWork(triggerId=) 
[debug] [2020-05-24T14:53:03.628Z] [worker-~diagnostic~-265a5c18-3d29-40b2-86f9-fe400fbe344d]: Assigning socketPath: \\?\pipe\C:\Users\gkswo\Desktop\maskcollect\maskgit\functions_firebase\functions\12868 
[debug] [2020-05-24T14:53:03.628Z] [worker-~diagnostic~-265a5c18-3d29-40b2-86f9-fe400fbe344d]: BUSY 
[debug] [2020-05-24T14:53:03.633Z] [worker-~diagnostic~-2812cbf2-045d-4dc3-a2a5-693a2c97e04f]: exited 
[debug] [2020-05-24T14:53:03.633Z] [worker-~diagnostic~-2812cbf2-045d-4dc3-a2a5-693a2c97e04f]: FINISHED 
[debug] [2020-05-24T14:53:03.634Z] [worker-maskSaver-b54f9808-402a-46ac-a54b-e20c7dcb0db2]: exited 
[debug] [2020-05-24T14:53:03.634Z] [worker-maskSaver-b54f9808-402a-46ac-a54b-e20c7dcb0db2]: FINISHED 
[debug] [2020-05-24T14:53:04.087Z] [runtime-status] [12868] Functions runtime initialized. {"cwd":"C:\\Users\\gkswo\\Desktop\\maskcollect\\maskgit\\functions_firebase\\functions","node_version":"12.16.2"} 
[debug] [2020-05-24T14:53:04.089Z] [runtime-status] [12868] Disabled runtime features: undefined 
[debug] [2020-05-24T14:53:04.096Z] [runtime-status] [12868] Resolved module firebase-admin {"declared":true,"installed":true,"version":"8.12.1","resolution":"C:\\Users\\gkswo\\Desktop\\maskcollect\\maskgit\\functions_firebase\\functions\\node_modules\\firebase-admin\\lib\\index.js"} 
[debug] [2020-05-24T14:53:04.099Z] [runtime-status] [12868] Resolved module firebase-functions {"declared":true,"installed":true,"version":"3.6.1","resolution":"C:\\Users\\gkswo\\Desktop\\maskcollect\\maskgit\\functions_firebase\\functions\\node_modules\\firebase-functions\\lib\\index.js"} 
[debug] [2020-05-24T14:53:04.101Z] [runtime-status] [12868] Outgoing network have been stubbed. [{"name":"http","status":"mocked"},{"name":"http","status":"mocked"},{"name":"https","status":"mocked"},{"name":"https","status":"mocked"},{"name":"net","status":"mocked"}] 
[debug] [2020-05-24T14:53:04.156Z] [runtime-status] [12868] Checked functions.config() {"config":{}} 
[debug] [2020-05-24T14:53:04.157Z] [runtime-status] [12868] Resolved module firebase-functions {"declared":true,"installed":true,"version":"3.6.1","resolution":"C:\\Users\\gkswo\\Desktop\\maskcollect\\maskgit\\functions_firebase\\functions\\node_modules\\firebase-functions\\lib\\index.js"} 
[debug] [2020-05-24T14:53:04.158Z] [runtime-status] [12868] Resolved module firebase-admin {"declared":true,"installed":true,"version":"8.12.1","resolution":"C:\\Users\\gkswo\\Desktop\\maskcollect\\maskgit\\functions_firebase\\functions\\node_modules\\firebase-admin\\lib\\index.js"} 
[debug] [2020-05-24T14:53:04.159Z] [runtime-status] [12868] Resolved module firebase-functions {"declared":true,"installed":true,"version":"3.6.1","resolution":"C:\\Users\\gkswo\\Desktop\\maskcollect\\maskgit\\functions_firebase\\functions\\node_modules\\firebase-functions\\lib\\index.js"} 
[debug] [2020-05-24T14:53:04.159Z] [runtime-status] [12868] firebase-admin has been stubbed. {"adminResolution":{"declared":true,"installed":true,"version":"8.12.1","resolution":"C:\\Users\\gkswo\\Desktop\\maskcollect\\maskgit\\functions_firebase\\functions\\node_modules\\firebase-admin\\lib\\index.js"}} 
[debug] [2020-05-24T14:53:05.360Z] [worker-~diagnostic~-265a5c18-3d29-40b2-86f9-fe400fbe344d]: IDLE 
[info] >  Success call admin {"user":"Success call admin"}
