[debug] [2020-05-31T13:58:08.629Z] ----------------------------------------------------------------------
[debug] [2020-05-31T13:58:08.631Z] Command:       C:\Program Files\nodejs\node.exe C:\Users\gkswo\AppData\Roaming\npm\node_modules\firebase-tools\lib\bin\firebase.js serve
[debug] [2020-05-31T13:58:08.631Z] CLI Version:   8.2.0
[debug] [2020-05-31T13:58:08.631Z] Platform:      win32
[debug] [2020-05-31T13:58:08.631Z] Node Version:  v12.16.2
[debug] [2020-05-31T13:58:08.633Z] Time:          Sun May 31 2020 22:58:08 GMT+0900 (GMT+09:00)
[debug] [2020-05-31T13:58:08.633Z] ----------------------------------------------------------------------
[debug] [2020-05-31T13:58:08.633Z] 
[debug] [2020-05-31T13:58:08.641Z] > command requires scopes: ["email","openid","https://www.googleapis.com/auth/cloudplatformprojects.readonly","https://www.googleapis.com/auth/firebase","https://www.googleapis.com/auth/cloud-platform"]
[debug] [2020-05-31T13:58:08.642Z] > authorizing via signed-in user
[debug] [2020-05-31T13:58:08.642Z] [iam] checking project maskproject-6e385 for permissions ["firebase.projects.get"]
[debug] [2020-05-31T13:58:08.645Z] >>> HTTP REQUEST POST https://cloudresourcemanager.googleapis.com/v1/projects/maskproject-6e385:testIamPermissions  
 {"permissions":["firebase.projects.get"]}
[debug] [2020-05-31T13:58:09.486Z] <<< HTTP RESPONSE 200 {"content-type":"application/json; charset=UTF-8","vary":"X-Origin, Referer, Origin,Accept-Encoding","date":"Sun, 31 May 2020 13:58:07 GMT","server":"ESF","cache-control":"private","x-xss-protection":"0","x-frame-options":"SAMEORIGIN","x-content-type-options":"nosniff","server-timing":"gfet4t7; dur=586","alt-svc":"h3-27=\":443\"; ma=2592000,h3-25=\":443\"; ma=2592000,h3-T050=\":443\"; ma=2592000,h3-Q050=\":443\"; ma=2592000,h3-Q049=\":443\"; ma=2592000,h3-Q048=\":443\"; ma=2592000,h3-Q046=\":443\"; ma=2592000,h3-Q043=\":443\"; ma=2592000,quic=\":443\"; ma=2592000; v=\"46,43\"","accept-ranges":"none","transfer-encoding":"chunked"}
[debug] [2020-05-31T13:58:09.487Z] >>> HTTP REQUEST GET https://firebase.googleapis.com/v1beta1/projects/maskproject-6e385  
 
[debug] [2020-05-31T13:58:10.045Z] <<< HTTP RESPONSE 200 {"content-type":"application/json; charset=UTF-8","vary":"X-Origin, Referer, Origin,Accept-Encoding","date":"Sun, 31 May 2020 13:58:08 GMT","server":"ESF","cache-control":"private","x-xss-protection":"0","x-frame-options":"SAMEORIGIN","x-content-type-options":"nosniff","alt-svc":"h3-27=\":443\"; ma=2592000,h3-25=\":443\"; ma=2592000,h3-T050=\":443\"; ma=2592000,h3-Q050=\":443\"; ma=2592000,h3-Q049=\":443\"; ma=2592000,h3-Q048=\":443\"; ma=2592000,h3-Q046=\":443\"; ma=2592000,h3-Q043=\":443\"; ma=2592000,quic=\":443\"; ma=2592000; v=\"46,43\"","accept-ranges":"none","transfer-encoding":"chunked"}
[info] 
[info] === Serving from 'C:\Users\gkswo\Desktop\maskcollect\maskgit\functions_firebase'...
[info] 
[debug] [2020-05-31T13:58:10.048Z] >>> HTTP REQUEST GET https://firebase.googleapis.com/v1beta1/projects/maskproject-6e385/webApps/-/config  
 
[debug] [2020-05-31T13:58:11.415Z] <<< HTTP RESPONSE 200 {"content-type":"application/json; charset=UTF-8","vary":"X-Origin, Referer, Origin,Accept-Encoding","date":"Sun, 31 May 2020 13:58:09 GMT","server":"ESF","cache-control":"private","x-xss-protection":"0","x-frame-options":"SAMEORIGIN","x-content-type-options":"nosniff","alt-svc":"h3-27=\":443\"; ma=2592000,h3-25=\":443\"; ma=2592000,h3-T050=\":443\"; ma=2592000,h3-Q050=\":443\"; ma=2592000,h3-Q049=\":443\"; ma=2592000,h3-Q048=\":443\"; ma=2592000,h3-Q046=\":443\"; ma=2592000,h3-Q043=\":443\"; ma=2592000,quic=\":443\"; ma=2592000; v=\"46,43\"","accept-ranges":"none","transfer-encoding":"chunked"}
[info] i  hosting: Serving hosting files from: public
[info] +  hosting: Local server: http://localhost:5000
[warn] !  Your requested "node" version "10" doesn't match your global version "12"
[info] +  functions: functions emulator started at http://localhost:5001
[info] i  functions: Watching "C:\Users\gkswo\Desktop\maskcollect\maskgit\functions_firebase\functions" for Cloud Functions...
[debug] [2020-05-31T13:58:12.081Z] [worker-pool] addWorker(~diagnostic~) 
[debug] [2020-05-31T13:58:12.081Z] [worker-pool] Adding worker with key ~diagnostic~, total=1 
[debug] [2020-05-31T13:58:12.081Z] [worker-pool] submitWork(triggerId=) 
[debug] [2020-05-31T13:58:12.082Z] [worker-~diagnostic~-c3c40d23-f561-47c4-b917-cf0b00a8136f]: Assigning socketPath: \\?\pipe\C:\Users\gkswo\Desktop\maskcollect\maskgit\functions_firebase\functions\8732 
[debug] [2020-05-31T13:58:12.082Z] [worker-~diagnostic~-c3c40d23-f561-47c4-b917-cf0b00a8136f]: BUSY 
[debug] [2020-05-31T13:58:12.568Z] [runtime-status] [8732] Functions runtime initialized. {"cwd":"C:\\Users\\gkswo\\Desktop\\maskcollect\\maskgit\\functions_firebase\\functions","node_version":"12.16.2"} 
[debug] [2020-05-31T13:58:12.569Z] [runtime-status] [8732] Disabled runtime features: undefined 
[debug] [2020-05-31T13:58:12.576Z] [runtime-status] [8732] Resolved module firebase-admin {"declared":true,"installed":true,"version":"8.12.1","resolution":"C:\\Users\\gkswo\\Desktop\\maskcollect\\maskgit\\functions_firebase\\functions\\node_modules\\firebase-admin\\lib\\index.js"} 
[debug] [2020-05-31T13:58:12.578Z] [runtime-status] [8732] Resolved module firebase-functions {"declared":true,"installed":true,"version":"3.6.1","resolution":"C:\\Users\\gkswo\\Desktop\\maskcollect\\maskgit\\functions_firebase\\functions\\node_modules\\firebase-functions\\lib\\index.js"} 
[debug] [2020-05-31T13:58:12.579Z] [runtime-status] [8732] Outgoing network have been stubbed. [{"name":"http","status":"mocked"},{"name":"http","status":"mocked"},{"name":"https","status":"mocked"},{"name":"https","status":"mocked"},{"name":"net","status":"mocked"}] 
[debug] [2020-05-31T13:58:12.628Z] [runtime-status] [8732] Checked functions.config() {"config":{}} 
[debug] [2020-05-31T13:58:12.630Z] [runtime-status] [8732] Resolved module firebase-functions {"declared":true,"installed":true,"version":"3.6.1","resolution":"C:\\Users\\gkswo\\Desktop\\maskcollect\\maskgit\\functions_firebase\\functions\\node_modules\\firebase-functions\\lib\\index.js"} 
[debug] [2020-05-31T13:58:12.630Z] [runtime-status] [8732] Resolved module firebase-admin {"declared":true,"installed":true,"version":"8.12.1","resolution":"C:\\Users\\gkswo\\Desktop\\maskcollect\\maskgit\\functions_firebase\\functions\\node_modules\\firebase-admin\\lib\\index.js"} 
[debug] [2020-05-31T13:58:12.631Z] [runtime-status] [8732] Resolved module firebase-functions {"declared":true,"installed":true,"version":"3.6.1","resolution":"C:\\Users\\gkswo\\Desktop\\maskcollect\\maskgit\\functions_firebase\\functions\\node_modules\\firebase-functions\\lib\\index.js"} 
[debug] [2020-05-31T13:58:12.631Z] [runtime-status] [8732] firebase-admin has been stubbed. {"adminResolution":{"declared":true,"installed":true,"version":"8.12.1","resolution":"C:\\Users\\gkswo\\Desktop\\maskcollect\\maskgit\\functions_firebase\\functions\\node_modules\\firebase-admin\\lib\\index.js"}} 
[info] +  functions[maskSaver]: http function initialized (http://localhost:5001/maskproject-6e385/us-central1/maskSaver).
[debug] [2020-05-31T13:58:13.937Z] [worker-~diagnostic~-c3c40d23-f561-47c4-b917-cf0b00a8136f]: IDLE 
